

Version:	3.50
CmdLine:	C:\Users\ducmi\Downloads\NgocMinh\app.exe --l4j-debug
JNI:		No
WOW64:		Yes
Working dir:	C:\Users\ducmi\Downloads\NgocMinh\.
Requires JDK:	Yes
Requires 64-Bit: Yes
Java min ver:	1.008.000
Java max ver:	1.022.000
JRE paths:	C:\Program Files\OpenLogic\jre-21.0.3.1-hotspot
Check launcher:	C:\Program Files\OpenLogic\jre-21.0.3.1-hotspot\bin\javaw.exe (OK)
Check javac:	C:\Program Files\OpenLogic\jre-21.0.3.1-hotspot\bin\javac.exe (OK)
Version string: 1.021.000_003 / 64-Bit (OK)
Main class:	app.App
Info:		Classpath not defined.
Launcher:	C:\Program Files\OpenLogic\jre-21.0.3.1-hotspot\bin\javaw.exe
Launcher args:	--add-opens java.base/jdk.internal.reflect=ALL-UNNAMED --add-opens java.base/java.lang=ALL-UNNAMED -classpath "C:\Users\ducmi\Downloads\NgocMinh\app.exe" app.App
Args length:	161/32768 chars
Exit code:	0


Version:	3.50
CmdLine:	C:\Users\US 002\Documents\Zalo Received Files\NgocMinh\app.exe --l4j-debug
JNI:		No
WOW64:		Yes
Working dir:	C:\Users\US 002\Documents\Zalo Received Files\NgocMinh\.
Requires JDK:	Yes
Requires 64-Bit: Yes
Java min ver:	1.008.000
Java max ver:	1.022.000
JRE paths:	C:\Program Files\OpenLogic\jre-21.0.3.1-hotspot
Check launcher:	C:\Program Files\OpenLogic\jre-21.0.3.1-hotspot\bin\javaw.exe (OK)
Check javac:	C:\Program Files\OpenLogic\jre-21.0.3.1-hotspot\bin\javac.exe (OK)
Version string: 1.021.000_003 / 64-Bit (OK)
Main class:	app.App
Info:		Classpath not defined.
Launcher:	C:\Program Files\OpenLogic\jre-21.0.3.1-hotspot\bin\javaw.exe
Launcher args:	--add-opens java.base/jdk.internal.reflect=ALL-UNNAMED --add-opens java.base/java.lang=ALL-UNNAMED -classpath "C:\Users\US 002\Documents\Zalo Received Files\NgocMinh\app.exe" app.App
Args length:	182/32768 chars
Exit code:	0
